<?xml version="1.0" encoding="UTF-8"?>
<robot generator="Robot 6.0.2 (Python 3.11.1 on win32)" generated="20230204 17:26:43.781" rpa="false" schemaversion="3">
<suite id="s1" name="Testcase" source="D:\Documents\WingBank\web-robot-project-sample\src\tests\testcase.robot">
<test id="s1-t1" name="Login User" line="10">
<kw name="Login" library="login">
<kw name="Open Browser" library="Selenium2Library">
<arg>${machane_url}</arg>
<arg>chrome</arg>
<doc>Opens a new browser instance to the optional ``url``.</doc>
<msg timestamp="20230204 17:26:44.001" level="INFO">Opening browser 'chrome' to base url 'https://uatdigital.wingmoney.com:442/dashboard'.</msg>
<status status="PASS" starttime="20230204 17:26:44.001" endtime="20230204 17:26:47.314"/>
</kw>
<kw name="Maximize Browser Window" library="Selenium2Library">
<doc>Maximizes current browser window.</doc>
<status status="PASS" starttime="20230204 17:26:47.314" endtime="20230204 17:26:47.458"/>
</kw>
<kw name="Wait Until Element Is Visible" library="Selenium2Library">
<arg>xpath=//h2[@class='font-weight-bold mt-4 text--darken-2']</arg>
<doc>Waits until the element ``locator`` is visible.</doc>
<status status="PASS" starttime="20230204 17:26:47.458" endtime="20230204 17:26:47.749"/>
</kw>
<kw name="Input Text" library="Selenium2Library">
<arg>xpath=//input[@type='text']</arg>
<arg>${usrname}</arg>
<doc>Types the given ``text`` into the text field identified by ``locator``.</doc>
<msg timestamp="20230204 17:26:47.750" level="INFO">Typing text 'sokpheak.seng' into text field 'xpath=//input[@type='text']'.</msg>
<status status="PASS" starttime="20230204 17:26:47.749" endtime="20230204 17:26:47.958"/>
</kw>
<kw name="Input Password" library="Selenium2Library">
<arg>xpath=//input[@type='password']</arg>
<arg>${pssword}</arg>
<doc>Types the given password into the text field identified by ``locator``.</doc>
<msg timestamp="20230204 17:26:47.960" level="INFO">Typing password into text field 'xpath=//input[@type='password']'.</msg>
<msg timestamp="20230204 17:26:48.014" level="INFO">Temporally setting log level to: NONE</msg>
<msg timestamp="20230204 17:26:48.104" level="INFO">Log level changed from NONE to INFO.</msg>
<status status="PASS" starttime="20230204 17:26:47.958" endtime="20230204 17:26:48.104"/>
</kw>
<kw name="Click Button" library="Selenium2Library">
<arg>xpath=//button[@type='submit']</arg>
<doc>Clicks the button identified by ``locator``.</doc>
<msg timestamp="20230204 17:26:48.106" level="INFO">Clicking button 'xpath=//button[@type='submit']'.</msg>
<status status="PASS" starttime="20230204 17:26:48.104" endtime="20230204 17:26:48.224"/>
</kw>
<kw name="Sleep" library="BuiltIn">
<arg>2s</arg>
<doc>Pauses the test executed for the given time.</doc>
<msg timestamp="20230204 17:26:50.226" level="INFO">Slept 2 seconds</msg>
<status status="PASS" starttime="20230204 17:26:48.225" endtime="20230204 17:26:50.226"/>
</kw>
<status status="PASS" starttime="20230204 17:26:44.001" endtime="20230204 17:26:50.226"/>
</kw>
<status status="PASS" starttime="20230204 17:26:44.000" endtime="20230204 17:26:50.228"/>
</test>
<doc>Digitize testing web application.</doc>
<status status="PASS" starttime="20230204 17:26:43.783" endtime="20230204 17:26:50.230"/>
</suite>
<statistics>
<total>
<stat pass="1" fail="0" skip="0">All Tests</stat>
</total>
<tag>
</tag>
<suite>
<stat pass="1" fail="0" skip="0" id="s1" name="Testcase">Testcase</stat>
</suite>
</statistics>
<errors>
</errors>
</robot>
